No CUDA runtime is found, using CUDA_HOME='/usr/local/cuda'

[0;32m[VAIQ_NOTE]: Loading NNDCT kernels...[0m

-----------------------------------------
PyTorch version :  1.7.1+cpu
3.6.13 | packaged by conda-forge | (default, Feb 19 2021, 05:36:01) 
[GCC 9.3.0]
-----------------------------------------
 Command line options:
--build_dir    :  ./build
--quant_mode   :  calib
--batchsize    :  100
-----------------------------------------
No CUDA devices available..selecting CPU

[0;33m[VAIQ_WARN]: CUDA is not available, change device to CPU[0m

[0;32m[VAIQ_NOTE]: Quantization calibration process start up...[0m

[0;32m[VAIQ_NOTE]: =>Quant Module is in 'cpu'.[0m

[0;32m[VAIQ_NOTE]: =>Parsing CNN...[0m

[0;32m[VAIQ_NOTE]: Start to trace model...[0m

[0;32m[VAIQ_NOTE]: Finish tracing.[0m

[0;32m[VAIQ_NOTE]: Processing ops...[0m
                                                  | 0/13 [00:00<?, ?it/s]                                                  | 0/13 [00:00<?, ?it/s, OpInfo: name = input_0, type = Param]â–ˆâ–ˆâ–ˆâ–Š                                              | 1/13 [00:00<00:00, 4782.56it/s, OpInfo: name = CNN/Sequential[network]/Conv2d[0]/input.2, type = _convolution]â–ˆâ–ˆâ–ˆâ–ˆâ–ˆâ–ˆâ–ˆâ–‹                                          | 2/13 [00:00<00:00, 2639.59it/s, OpInfo: name = CNN/Sequential[network]/BatchNorm2d[1]/input.3, type = batch_norm]â–ˆâ–ˆâ–ˆâ–ˆâ–ˆâ–ˆâ–ˆâ–ˆâ–ˆâ–ˆâ–ˆâ–Œ                                      | 3/13 [00:00<00:00, 2177.73it/s, OpInfo: name = CNN/Sequential[network]/ReLU[2]/input.4, type = relu_]            â–ˆâ–ˆâ–ˆâ–ˆâ–ˆâ–ˆâ–ˆâ–ˆâ–ˆâ–ˆâ–ˆâ–ˆâ–ˆâ–ˆâ–ˆâ–                                  | 4/13 [00:00<00:00, 2502.19it/s, OpInfo: name = CNN/Sequential[network]/Conv2d[3]/input.5, type = _convolution]â–ˆâ–ˆâ–ˆâ–ˆâ–ˆâ–ˆâ–ˆâ–ˆâ–ˆâ–ˆâ–ˆâ–ˆâ–ˆâ–ˆâ–ˆâ–ˆâ–ˆâ–ˆâ–ˆâ–                              | 5/13 [00:00<00:00, 2695.22it/s, OpInfo: name = CNN/Sequential[network]/BatchNorm2d[4]/input.6, type = batch_norm]â–ˆâ–ˆâ–ˆâ–ˆâ–ˆâ–ˆâ–ˆâ–ˆâ–ˆâ–ˆâ–ˆâ–ˆâ–ˆâ–ˆâ–ˆâ–ˆâ–ˆâ–ˆâ–ˆâ–ˆâ–ˆâ–ˆâ–ˆ                           | 6/13 [00:00<00:00, 2893.29it/s, OpInfo: name = CNN/Sequential[network]/ReLU[5]/input.7, type = relu_]            â–ˆâ–ˆâ–ˆâ–ˆâ–ˆâ–ˆâ–ˆâ–ˆâ–ˆâ–ˆâ–ˆâ–ˆâ–ˆâ–ˆâ–ˆâ–ˆâ–ˆâ–ˆâ–ˆâ–ˆâ–ˆâ–ˆâ–ˆâ–ˆâ–ˆâ–ˆâ–‰                       | 7/13 [00:00<00:00, 3161.42it/s, OpInfo: name = CNN/Sequential[network]/Conv2d[6]/input.8, type = _convolution]â–ˆâ–ˆâ–ˆâ–ˆâ–ˆâ–ˆâ–ˆâ–ˆâ–ˆâ–ˆâ–ˆâ–ˆâ–ˆâ–ˆâ–ˆâ–ˆâ–ˆâ–ˆâ–ˆâ–ˆâ–ˆâ–ˆâ–ˆâ–ˆâ–ˆâ–ˆâ–ˆâ–ˆâ–ˆâ–ˆâ–Š                   | 8/13 [00:00<00:00, 3251.40it/s, OpInfo: name = CNN/Sequential[network]/BatchNorm2d[7]/input.9, type = batch_norm]â–ˆâ–ˆâ–ˆâ–ˆâ–ˆâ–ˆâ–ˆâ–ˆâ–ˆâ–ˆâ–ˆâ–ˆâ–ˆâ–ˆâ–ˆâ–ˆâ–ˆâ–ˆâ–ˆâ–ˆâ–ˆâ–ˆâ–ˆâ–ˆâ–ˆâ–ˆâ–ˆâ–ˆâ–ˆâ–ˆâ–ˆâ–ˆâ–ˆâ–ˆâ–Œ               | 9/13 [00:00<00:00, 3400.48it/s, OpInfo: name = CNN/Sequential[network]/ReLU[8]/input.10, type = relu_]           â–ˆâ–ˆâ–ˆâ–ˆâ–ˆâ–ˆâ–ˆâ–ˆâ–ˆâ–ˆâ–ˆâ–ˆâ–ˆâ–ˆâ–ˆâ–ˆâ–ˆâ–ˆâ–ˆâ–ˆâ–ˆâ–ˆâ–ˆâ–ˆâ–ˆâ–ˆâ–ˆâ–ˆâ–ˆâ–ˆâ–ˆâ–ˆâ–ˆâ–ˆâ–ˆâ–ˆâ–ˆâ–ˆâ–           | 10/13 [00:00<00:00, 3611.11it/s, OpInfo: name = CNN/Sequential[network]/Conv2d[9]/input, type = _convolution]â–ˆâ–ˆâ–ˆâ–ˆâ–ˆâ–ˆâ–ˆâ–ˆâ–ˆâ–ˆâ–ˆâ–ˆâ–ˆâ–ˆâ–ˆâ–ˆâ–ˆâ–ˆâ–ˆâ–ˆâ–ˆâ–ˆâ–ˆâ–ˆâ–ˆâ–ˆâ–ˆâ–ˆâ–ˆâ–ˆâ–ˆâ–ˆâ–ˆâ–ˆâ–ˆâ–ˆâ–ˆâ–ˆâ–ˆâ–ˆâ–ˆâ–ˆâ–Ž       | 11/13 [00:00<00:00, 3691.58it/s, OpInfo: name = CNN/Sequential[network]/BatchNorm2d[10]/505, type = batch_norm]â–ˆâ–ˆâ–ˆâ–ˆâ–ˆâ–ˆâ–ˆâ–ˆâ–ˆâ–ˆâ–ˆâ–ˆâ–ˆâ–ˆâ–ˆâ–ˆâ–ˆâ–ˆâ–ˆâ–ˆâ–ˆâ–ˆâ–ˆâ–ˆâ–ˆâ–ˆâ–ˆâ–ˆâ–ˆâ–ˆâ–ˆâ–ˆâ–ˆâ–ˆâ–ˆâ–ˆâ–ˆâ–ˆâ–ˆâ–ˆâ–ˆâ–ˆâ–ˆâ–ˆâ–ˆâ–ˆâ–   | 12/13 [00:00<00:00, 3787.75it/s, OpInfo: name = CNN/Sequential[network]/Flatten[11]/508, type = flatten]       â–ˆâ–ˆâ–ˆâ–ˆâ–ˆâ–ˆâ–ˆâ–ˆâ–ˆâ–ˆâ–ˆâ–ˆâ–ˆâ–ˆâ–ˆâ–ˆâ–ˆâ–ˆâ–ˆâ–ˆâ–ˆâ–ˆâ–ˆâ–ˆâ–ˆâ–ˆâ–ˆâ–ˆâ–ˆâ–ˆâ–ˆâ–ˆâ–ˆâ–ˆâ–ˆâ–ˆâ–ˆâ–ˆâ–ˆâ–ˆâ–ˆâ–ˆâ–ˆâ–ˆâ–ˆâ–ˆâ–ˆâ–ˆâ–ˆâ–ˆ| 13/13 [00:00<00:00, 3710.01it/s, OpInfo: name = CNN/Sequential[network]/Flatten[11]/508, type = flatten]

[0;32m[VAIQ_NOTE]: =>Doing weights equalization...[0m

[0;32m[VAIQ_NOTE]: =>Quantizable module is generated.(./build/quant_model/CNN.py)[0m

[0;32m[VAIQ_NOTE]: =>Get module with quantization.[0m

Test set: Accuracy: 9893/10000 (98.93%)


[0;32m[VAIQ_NOTE]: =>Exporting quant config.(./build/quant_model/quant_info.json)[0m
